<?xml version="1.0" encoding="UTF-8"?>
<!-- Generated by org.testng.reporters.JUnitXMLReporter -->
<testsuite hostname="Venkatesh-Accounts" ignored="0" name="Test1" tests="2" failures="2" timestamp="04 May 2021 01:10:48 GMT" time="4.888" errors="0">
  <testcase name="tc1" time="4.762" classname="org.test.Parellel">
    <failure type="org.openqa.selenium.SessionNotCreatedException" message="session not created: This version of ChromeDriver only supports Chrome version 80
Build info: version: &amp;apos;4.0.0-alpha-1&amp;apos;, revision: &amp;apos;d1d3728cae&amp;apos;, time: &amp;apos;2019-04-24T13:42:21&amp;apos;
System info: host: &amp;apos;VENKATESH-ACCOU&amp;apos;, ip: &amp;apos;192.168.0.111&amp;apos;, os.name: &amp;apos;Windows 10&amp;apos;, os.arch: &amp;apos;amd64&amp;apos;, os.version: &amp;apos;10.0&amp;apos;, java.version: &amp;apos;1.8.0_221&amp;apos;
Driver info: driver.version: ChromeDriver
remote stacktrace: Backtrace:
	Ordinal0 [0x00980C83+1707139]
	Ordinal0 [0x008E68F1+1075441]
	Ordinal0 [0x0085DFC9+516041]
	Ordinal0 [0x007F0554+66900]
	Ordinal0 [0x007ECCE2+52450]
	Ordinal0 [0x0080BFD7+180183]
	Ordinal0 [0x0080BDDD+179677]
	Ordinal0 [0x00809D4B+171339]
	Ordinal0 [0x007F1D4A+73034]
	Ordinal0 [0x007F2DC0+77248]
	Ordinal0 [0x007F2D59+77145]
	Ordinal0 [0x008FBB67+1162087]
	GetHandleVerifier [0x00A1A966+508998]
	GetHandleVerifier [0x00A1A6A4+508292]
	GetHandleVerifier [0x00A2F7B7+594583]
	GetHandleVerifier [0x00A1B1D6+511158]
	Ordinal0 [0x008F402C+1130540]
	Ordinal0 [0x008FD4CB+1168587]
	Ordinal0 [0x008FD633+1168947]
	Ordinal0 [0x00915B35+1268533]
	BaseThreadInitThunk [0x764CFA29+25]
	RtlGetAppContainerNamedObjectPath [0x77547A4E+286]
	RtlGetAppContainerNamedObjectPath [0x77547A1E+238]
">
      <![CDATA[org.openqa.selenium.SessionNotCreatedException: session not created: This version of ChromeDriver only supports Chrome version 80
Build info: version: '4.0.0-alpha-1', revision: 'd1d3728cae', time: '2019-04-24T13:42:21'
System info: host: 'VENKATESH-ACCOU', ip: '192.168.0.111', os.name: 'Windows 10', os.arch: 'amd64', os.version: '10.0', java.version: '1.8.0_221'
Driver info: driver.version: ChromeDriver
remote stacktrace: Backtrace:
Ordinal0 [0x00980C83+1707139]
Ordinal0 [0x008E68F1+1075441]
Ordinal0 [0x0085DFC9+516041]
Ordinal0 [0x007F0554+66900]
Ordinal0 [0x007ECCE2+52450]
Ordinal0 [0x0080BFD7+180183]
Ordinal0 [0x0080BDDD+179677]
Ordinal0 [0x00809D4B+171339]
Ordinal0 [0x007F1D4A+73034]
Ordinal0 [0x007F2DC0+77248]
Ordinal0 [0x007F2D59+77145]
Ordinal0 [0x008FBB67+1162087]
GetHandleVerifier [0x00A1A966+508998]
GetHandleVerifier [0x00A1A6A4+508292]
GetHandleVerifier [0x00A2F7B7+594583]
GetHandleVerifier [0x00A1B1D6+511158]
Ordinal0 [0x008F402C+1130540]
Ordinal0 [0x008FD4CB+1168587]
Ordinal0 [0x008FD633+1168947]
Ordinal0 [0x00915B35+1268533]
BaseThreadInitThunk [0x764CFA29+25]
RtlGetAppContainerNamedObjectPath [0x77547A4E+286]
RtlGetAppContainerNamedObjectPath [0x77547A1E+238]

at org.openqa.selenium.remote.W3CHandshakeResponse.lambda$errorHandler$0(W3CHandshakeResponse.java:62)
at org.openqa.selenium.remote.HandshakeResponse.lambda$getResponseFunction$0(HandshakeResponse.java:30)
at org.openqa.selenium.remote.ProtocolHandshake.lambda$createSession$0(ProtocolHandshake.java:126)
at java.util.stream.ReferencePipeline$3$1.accept(Unknown Source)
at java.util.Spliterators$ArraySpliterator.tryAdvance(Unknown Source)
at java.util.stream.ReferencePipeline.forEachWithCancel(Unknown Source)
at java.util.stream.AbstractPipeline.copyIntoWithCancel(Unknown Source)
at java.util.stream.AbstractPipeline.copyInto(Unknown Source)
at java.util.stream.AbstractPipeline.wrapAndCopyInto(Unknown Source)
at java.util.stream.FindOps$FindOp.evaluateSequential(Unknown Source)
at java.util.stream.AbstractPipeline.evaluate(Unknown Source)
at java.util.stream.ReferencePipeline.findFirst(Unknown Source)
at org.openqa.selenium.remote.ProtocolHandshake.createSession(ProtocolHandshake.java:128)
at org.openqa.selenium.remote.ProtocolHandshake.createSession(ProtocolHandshake.java:74)
at org.openqa.selenium.remote.HttpCommandExecutor.execute(HttpCommandExecutor.java:139)
at org.openqa.selenium.remote.service.DriverCommandExecutor.execute(DriverCommandExecutor.java:83)
at org.openqa.selenium.remote.RemoteWebDriver.execute(RemoteWebDriver.java:577)
at org.openqa.selenium.remote.RemoteWebDriver.startSession(RemoteWebDriver.java:211)
at org.openqa.selenium.remote.RemoteWebDriver.<init>(RemoteWebDriver.java:131)
at org.openqa.selenium.chrome.ChromeDriver.<init>(ChromeDriver.java:189)
at org.openqa.selenium.chrome.ChromeDriver.<init>(ChromeDriver.java:176)
at org.openqa.selenium.chrome.ChromeDriver.<init>(ChromeDriver.java:131)
at org.test.Parellel.tc1(Parellel.java:23)
at java.util.concurrent.FutureTask.run(Unknown Source)
at java.util.concurrent.ThreadPoolExecutor.runWorker(Unknown Source)
at java.util.concurrent.ThreadPoolExecutor$Worker.run(Unknown Source)
at java.lang.Thread.run(Unknown Source)
... Removed 20 stack frames]]>
    </failure>
  </testcase> <!-- tc1 -->
  <testcase name="tcs" time="0.005" classname="org.test.Parellel">
    <failure type="java.lang.NullPointerException">
      <![CDATA[java.lang.NullPointerException
at org.test.Parellel.tcs(Parellel.java:42)
at java.util.concurrent.FutureTask.run(Unknown Source)
at java.util.concurrent.ThreadPoolExecutor.runWorker(Unknown Source)
at java.util.concurrent.ThreadPoolExecutor$Worker.run(Unknown Source)
at java.lang.Thread.run(Unknown Source)
... Removed 16 stack frames]]>
    </failure>
  </testcase> <!-- tcs -->
</testsuite> <!-- Test1 -->
